<HTML>
  <HEAD>
    <title>Chegg test framework report</title>
    <script src="https://code.jquery.com/jquery-1.9.1.min.js">test </script>
    <script src="https://www.amcharts.com/lib/3/amcharts.js"> test</script>
    <script src="https://www.amcharts.com/lib/3/pie.js"> test </script>
    <script src="https://www.amcharts.com/lib/3/themes/light.js"> test </script>
    <script type="text/javascript">

					$(document).ready(function()
					{
					var listSize = document.getElementsByClassName("graphSuiteTotal").length;
					var result1 = document.getElementsByClassName("graphSuiteFailure")[1].innerHTML;

					var totalFailures=0;
					var data=[];
					for (var iterator=0;iterator<listSize;iterator++)
					{
						var suiteName=document.getElementsByClassName("graphSuiteName")[iterator].innerHTML;
						var failures=document.getElementsByClassName("graphSuiteFailure")[iterator].innerHTML;
						totalFailures=+totalFailures + +document.getElementsByClassName("graphSuiteFailure")[iterator].innerHTML;

						var stat= {suiteName: suiteName,failures: failures};
						if (failures!="0")
						{
							data.push(stat);
						}
					}
					

					var chart = AmCharts.makeChart( "chartdiv", {
					"type": "pie",
					 "legend":{
					"position":"right",
					"marginRight":400,
					"autoMargins":false
					},
					"setLegendPosition" : "top center",
					"bezierX": 1,
					"theme": "light",
					"legends": "true",
					"dataProvider": data,
					"valueField": "failures",
					"titleField": "suiteName",
					"balloon":{
					"fixedPosition":true
					},
					"export": {
					"enabled": true
					}
					} );

					});
				</script>
    <style type="text/css">
					#chartdiv {
					width		: 100%;
					height		: 400px;
					font-size	: 10px;
					}
					body {
					font:normal 68% verdana,arial,helvetica;
					color:#000000;
					}
					table tr td, table tr th {
					font-size: 68%;
					}
					table.details tr th{
					font-weight: bold;
					text-align:left;
					background:#a6caf0;
					}
					table.details tr td{
					background:#eeeee0;
					}

					p {
					line-height:1.5em;
					margin-top:0.5em; margin-bottom:1.0em;
					}
					h1 {
					margin: 0px 0px 5px; font: 165% verdana,arial,helvetica
					}
					h2 {
					margin-top: 1em; margin-bottom: 0.5em; font: bold 125% verdana,arial,helvetica
					}
					h3 {
					margin-bottom: 0.5em; font: bold 115% verdana,arial,helvetica
					}
					h4 {
					margin-bottom: 0.5em; font: bold 100% verdana,arial,helvetica
					}
					h5 {
					margin-bottom: 0.5em; font: bold 100% verdana,arial,helvetica
					}
					h6 {
					margin-bottom: 0.5em; font: bold 100% verdana,arial,helvetica
					}
					.Error {
					font-weight:bold; color:red;
					}
					.Failure {
					font-weight:bold; color:purple;
					}
					.FailDetails {
					font-weight:normal;
					color:purple;
					}
					.Properties {
					text-align:right;
					}
					.tooltip {
					transform: none;
					margin: 5px;
					}

					.tooltip:hover > .tooltip-text {
					pointer-events: auto;
					opacity: 1.0;
					}

					.tooltip > .tooltip-text {
					display: block;
					position: absolute;
					left: 640px;
					z-index: 2000;
					overflow: visible;
					padding: 5px 8px;
					margin-top: 10px;
					line-height: 16px;
					border-radius: 8px;
					text-align: left;
					color: #fff;
					color: #a6caf0;
					background: #a6caf0;
					pointer-events: none;
					opacity: 0.0;
					-o-transition: all 1.5s ease-out;
					-ms-transition: all 1.5s ease-out;
					-moz-transition: all 1.5s ease-out;
					-webkit-transition: all 1.5s ease-out;
					transition: all 1.5s ease-out;
					}

					/* Arrow */
					.tooltip > .tooltip-text:before {
					display: inline;
					top: -5px;
					content: "";

					position: absolute;
					border: solid;
					border-color: rgba(0, 0, 0, 1) transparent;
					border-width: 1 .5em .5em .5em;
					z-index: 6000;
					left: 455px;
					}

					/* Invisible area so you can hover over tooltip */
					.tooltip > .tooltip-text:after {
					top: -20px;
					content: " ";
					display: block;
					height: 20px;
					position: absolute;
					width: 150px;
					left: 400px;
					}

					.tooltip-scroll {
					overflow-y: auto;
					max-height: 300px;
					}

				</style>
  </HEAD>
  <body>
    <a name="top"/>
    <h1>Chegg Test Report</h1>
    <hr size="1"/>
    <h2>Graphical Failure Analysis</h2>
    <div id="chartdiv"> test </div>
    <hr size="1"/>
    <h2>Summary</h2>
    <table class="details" border="0" cellpadding="5" cellspacing="2" width="100%">
      <tr valign="top">
        <th>Tests</th>
        <th>Success</th>
        <th>Failures</th>
        <th>Errors</th>
        <th>Success rate</th>
        <th width="150px">Time(H:MM:SS)</th>
      </tr>
      <tr valign="top" class="Failure">
        <td>15</td>
        <td>9</td>
        <td>6</td>
        <td>0</td>
        <td>60.00%</td>
        <td>0:56:04</td>
      </tr>
    </table>
    <table border="0" width="100%">
      <tr>
        <td style="text-align: justify;">
					Note: <i>failures</i> are anticipated and checked for with assertions while <i>errors</i> are unanticipated.
				</td>
      </tr>
    </table>
    <hr size="1" width="100%" align="left"/>
    <h2>Test Suites</h2>
    <table class="details" border="0" cellpadding="5" cellspacing="2" width="100%">
      <tr valign="top">
        <th width="80%">Name</th>
        <th>Tests</th>
        <th>Success</th>
        <th>Failures</th>
        <th nowrap="nowrap">Time(H:MM:SS)</th>
      </tr>
      <tr valign="top" class="">
        <td>
          <a href="#freshen.noseplugin.ISBN Searching" class="graphSuiteName">ISBN Searching</a>
        </td>
        <td class="graphSuiteTotal">1</td>
        <td class="graphSuiteSuccess">1</td>
        <td class="graphSuiteFailure">0</td>
        <td>0:00:41</td>
      </tr>
      <tr valign="top" class="Failure">
        <td>
          <a href="#freshen.noseplugin.mdot signup" class="graphSuiteName">mdot signup</a>
        </td>
        <td class="graphSuiteTotal">1</td>
        <td class="graphSuiteSuccess">0</td>
        <td class="graphSuiteFailure">1</td>
        <td>0:00:41</td>
      </tr>
      <tr valign="top" class="Failure">
        <td>
          <a href="#freshen.noseplugin.rentbuy page" class="graphSuiteName">rentbuy page</a>
        </td>
        <td class="graphSuiteTotal">2</td>
        <td class="graphSuiteSuccess">0</td>
        <td class="graphSuiteFailure">2</td>
        <td>0:31:04</td>
      </tr>
      <tr valign="top" class="">
        <td>
          <a href="#freshen.noseplugin.search page" class="graphSuiteName">search page</a>
        </td>
        <td class="graphSuiteTotal">1</td>
        <td class="graphSuiteSuccess">1</td>
        <td class="graphSuiteFailure">0</td>
        <td>0:10:42</td>
      </tr>
      <tr valign="top" class="Failure">
        <td>
          <a href="#freshen.noseplugin.study page" class="graphSuiteName">study page</a>
        </td>
        <td class="graphSuiteTotal">3</td>
        <td class="graphSuiteSuccess">2</td>
        <td class="graphSuiteFailure">1</td>
        <td>0:01:07</td>
      </tr>
      <tr valign="top" class="Failure">
        <td>
          <a href="#freshen.noseplugin.test SIHP" class="graphSuiteName">test SIHP</a>
        </td>
        <td class="graphSuiteTotal">1</td>
        <td class="graphSuiteSuccess">0</td>
        <td class="graphSuiteFailure">1</td>
        <td>0:00:45</td>
      </tr>
      <tr valign="top" class="">
        <td>
          <a href="#freshen.noseplugin.test the SOHP" class="graphSuiteName">test the SOHP</a>
        </td>
        <td class="graphSuiteTotal">1</td>
        <td class="graphSuiteSuccess">1</td>
        <td class="graphSuiteFailure">0</td>
        <td>0:00:40</td>
      </tr>
      <tr valign="top" class="">
        <td>
          <a href="#freshen.noseplugin.test the Sign In page and feature." class="graphSuiteName">test the Sign In page and feature.</a>
        </td>
        <td class="graphSuiteTotal">1</td>
        <td class="graphSuiteSuccess">1</td>
        <td class="graphSuiteFailure">0</td>
        <td>0:01:04</td>
      </tr>
      <tr valign="top" class="">
        <td>
          <a href="#freshen.noseplugin.testing book pdp" class="graphSuiteName">testing book pdp</a>
        </td>
        <td class="graphSuiteTotal">2</td>
        <td class="graphSuiteSuccess">2</td>
        <td class="graphSuiteFailure">0</td>
        <td>0:06:29</td>
      </tr>
      <tr valign="top" class="">
        <td>
          <a href="#freshen.noseplugin.testing my account page" class="graphSuiteName">testing my account page</a>
        </td>
        <td class="graphSuiteTotal">1</td>
        <td class="graphSuiteSuccess">1</td>
        <td class="graphSuiteFailure">0</td>
        <td>0:01:32</td>
      </tr>
      <tr valign="top" class="Failure">
        <td>
          <a href="#freshen.noseplugin.testing psychic search" class="graphSuiteName">testing psychic search</a>
        </td>
        <td class="graphSuiteTotal">1</td>
        <td class="graphSuiteSuccess">0</td>
        <td class="graphSuiteFailure">1</td>
        <td>0:01:18</td>
      </tr>
    </table>
    <hr size="1" width="100%" align="left"/>
    <hr size="1" width="100%" align="left"/>
    <a name="freshen.noseplugin.ISBN Searching"/>
    <h3>TestSuite - ISBN Searching</h3>
    <table class="details" border="0" cellpadding="5" cellspacing="2" width="100%">
      <tr valign="top">
        <th>Testcase</th>
        <th width="20%">Name</th>
        <th>Status</th>
        <th width="70%">Details</th>
        <th nowrap="nowrap">Time<br/>(H:MM:SS)</th>
      </tr>
      <tr valign="top" class="">
        <td>
          <a href="https://chegg.testrail.com/index.php?/cases/view/5750" target="_blank">5750</a>
        </td>
        <td width="50%">ISBN Searching</td>
        <td>Success</td>
        <td>Screenshot : <br/><a href="./5750 ISBN Searching (before).png" target="_blank">Before</a><a style="float:right" href="./5750 ISBN Searching (after).png" target="_blank">After</a></td>
        <td>0:00:41</td>
      </tr>
    </table>
    <p/>
    <a href="#top">Back to top</a>
    <a name="freshen.noseplugin.mdot signup"/>
    <h3>TestSuite - mdot signup</h3>
    <table class="details" border="0" cellpadding="5" cellspacing="2" width="100%">
      <tr valign="top">
        <th>Testcase</th>
        <th width="20%">Name</th>
        <th>Status</th>
        <th width="70%">Details</th>
        <th nowrap="nowrap">Time<br/>(H:MM:SS)</th>
      </tr>
      <tr valign="top" class="Failure">
        <td>
          <a href="https://chegg.testrail.com/index.php?/cases/view/5895" target="_blank">5895</a>
        </td>
        <td width="50%">Search by subject and validate auto-suggest shows up</td>
        <td>Failure</td>
        <td class="FailureDetails"> Screenshot : <br/><a href="./5895 Search by subject and validate auto-suggest shows up (before).png" target="_blank">Before</a><a style="float:right" href="./5895 Search by subject and validate auto-suggest shows up (after).png" target="_blank">After</a><br/><br/>
						Error message:
						<br/><code><font size="3" class="failDetails">2016-06-21 09:50:25,649 ERROR     raise CheggTestException("Can't find the element %s" % search_string)</font></code><div style="float:right" class="tooltip"><u>Stack trace</u><span class="tooltip-text"><div class="tooltip-scroll"><code><font size="3" class="failDetails"><br/>Console Output:<br/><br/>2016-06-21 09:49:44,609 INFO <br/>2016-06-21 09:49:44,609 INFO go_to: 'http://www.chegg.com//?experiment=NONE0&amp;debug=experiment'<br/>2016-06-21 09:49:53,927 INFO wait_for_ready_state<br/>2016-06-21 09:49:53,935 INFO chegg_wait_for_spinners<br/>2016-06-21 09:49:54,012 INFO chegg_xdebug_checks<br/>2016-06-21 09:49:54,025 INFO chegg_pixel_check<br/>2016-06-21 09:49:54,114 INFO chegg_check_links<br/>2016-06-21 09:49:55,628 INFO click: '.input.open-search' index=0<br/>2016-06-21 09:50:25,646 INFO <br/>2016-06-21 09:50:25,646 ERROR   File "/usr/local/lib/python2.7/site-packages/cheggtest-0.2.1462906634-py2.7.egg/cheggtest/steps.py", line 45, in subwrapper<br/>2016-06-21 09:50:25,646 ERROR     return func(*_process_args(args), **kwargs)<br/>2016-06-21 09:50:25,646 ERROR   File "/Users/sshrimali/git/core/Chegg.Site/test/fesite/site_steps.py", line 504, in when_i_click<br/>2016-06-21 09:50:25,646 ERROR     websteps.when_i_click(_on, _the, which, name)<br/>2016-06-21 09:50:25,647 ERROR   File "/usr/local/lib/python2.7/site-packages/freshen-0.3.1.33-py2.7.egg/freshen/stepregistry.py", line 59, in __call__<br/>2016-06-21 09:50:25,647 ERROR     return self.func(*args, **kwargs)<br/>2016-06-21 09:50:25,647 ERROR   File "/usr/local/lib/python2.7/site-packages/cheggtest-0.2.1462906634-py2.7.egg/cheggtest/steps.py", line 70, in subwrapper<br/>2016-06-21 09:50:25,647 ERROR     return func(*_process_args(args), **kwargs)<br/>2016-06-21 09:50:25,647 ERROR   File "/usr/local/lib/python2.7/site-packages/cheggtest-0.2.1462906634-py2.7.egg/cheggtest/websteps/websteps.py", line 152, in when_i_click<br/>2016-06-21 09:50:25,647 ERROR     __i_click(name, which)<br/>2016-06-21 09:50:25,648 ERROR   File "/usr/local/lib/python2.7/site-packages/cheggtest-0.2.1462906634-py2.7.egg/cheggtest/websteps/websteps.py", line 137, in __i_click<br/>2016-06-21 09:50:25,648 ERROR     webtest.click(name, index=which)<br/>2016-06-21 09:50:25,648 ERROR   File "/usr/local/lib/python2.7/site-packages/cheggtest-0.2.1462906634-py2.7.egg/cheggtest/logger.py", line 51, in wrap<br/>2016-06-21 09:50:25,648 ERROR     return func(*args, **kwargs)<br/>2016-06-21 09:50:25,648 ERROR   File "/usr/local/lib/python2.7/site-packages/cheggtest-0.2.1462906634-py2.7.egg/cheggtest/webtest/webtest.py", line 501, in click<br/>2016-06-21 09:50:25,649 ERROR     elems = find_elements(name)<br/>2016-06-21 09:50:25,649 ERROR   File "/usr/local/lib/python2.7/site-packages/cheggtest-0.2.1462906634-py2.7.egg/cheggtest/webtest/webtest.py", line 137, in find_elements<br/>2016-06-21 09:50:25,649 ERROR     raise CheggTestException("Can't find the element %s" % search_string)<br/></font></code></div></span></div></td>
        <td>0:00:41</td>
      </tr>
    </table>
    <p/>
    <a href="#top">Back to top</a>
    <a name="freshen.noseplugin.rentbuy page"/>
    <h3>TestSuite - rentbuy page</h3>
    <table class="details" border="0" cellpadding="5" cellspacing="2" width="100%">
      <tr valign="top">
        <th>Testcase</th>
        <th width="20%">Name</th>
        <th>Status</th>
        <th width="70%">Details</th>
        <th nowrap="nowrap">Time<br/>(H:MM:SS)</th>
      </tr>
      <tr valign="top" class="Failure">
        <td>
          <a href="https://chegg.testrail.com/index.php?/cases/view/5961" target="_blank">5961</a>
        </td>
        <td width="50%">Search by ISBN and validate auto-suggest shows up</td>
        <td>Failure</td>
        <td class="FailureDetails"> Screenshot : <br/><a href="./5961 Search by ISBN and validate auto-suggest shows up (before).png" target="_blank">Before</a><a style="float:right" href="./5961 Search by ISBN and validate auto-suggest shows up (after).png" target="_blank">After</a><br/><br/>
						Error message:
						<br/><code><font size="3" class="failDetails">       \--&gt; Given I am at the chegg.com site                                    # /cheggtest/websteps/websteps.py:16 , ERROR</font></code><div style="float:right" class="tooltip"><u>Stack trace</u><span class="tooltip-text"><div class="tooltip-scroll"><code><font size="3" class="failDetails"><br/>Console Output:<br/><br/>2016-06-21 09:50:57,492 INFO screenshot: '5961 Search by ISBN and validate auto-suggest shows up (before).png'<br/>2016-06-21 09:50:58,684 INFO not restaring selenium session, suite still /Users/sshrimali/git/core/Chegg.Site/test/fesite/rentbuy.page.feature<br/>2016-06-21 09:50:58,685 INFO Looking for book without a Guided Solution...<br/>2016-06-21 10:02:01,177 INFO <br/>2016-06-21 10:02:01,177 ERROR   File "/usr/local/lib/python2.7/site-packages/cheggtest-0.2.1462906634-py2.7.egg/cheggtest/steps.py", line 45, in subwrapper<br/>2016-06-21 10:02:01,177 ERROR     return func(*_process_args(args), **kwargs)<br/>2016-06-21 10:02:01,177 ERROR   File "/Users/sshrimali/git/core/Chegg.Site/test/fesite/steps.py", line 263, in i_take_random_ebook<br/>2016-06-21 10:02:01,177 ERROR     search_by_ISBN(isbn)<br/>2016-06-21 10:02:01,177 ERROR   File "/Users/sshrimali/git/core/Chegg.Site/test/fesite/steps.py", line 271, in search_by_ISBN<br/>2016-06-21 10:02:01,178 ERROR     Then I click autosuggest-search-btn button''' % {'isbn': isbn})<br/>2016-06-21 10:02:01,178 ERROR   File "/usr/local/lib/python2.7/site-packages/cheggtest-0.2.1462906634-py2.7.egg/cheggtest/websteps/websteps.py", line 16, in run_steps<br/>2016-06-21 10:02:01,178 ERROR     FRESHEN_RUN_STEPS(spec)<br/>2016-06-21 10:02:01,178 ERROR   File "/usr/local/lib/python2.7/site-packages/freshen-0.3.1.33-py2.7.egg/freshen/core.py", line 96, in run_steps<br/>2016-06-21 10:02:01,179 ERROR     return f_self.run_steps_from_string(spec, language)<br/>2016-06-21 10:02:01,179 ERROR   File "/usr/local/lib/python2.7/site-packages/cheggtest-0.2.1462906634-py2.7.egg/cheggtest/util/hacks.py", line 118, in run_steps_from_string<br/>2016-06-21 10:02:01,179 ERROR     self.run_step(step)<br/>2016-06-21 10:02:01,179 ERROR   File "/usr/local/lib/python2.7/site-packages/cheggtest-0.2.1462906634-py2.7.egg/cheggtest/util/hacks.py", line 152, in run_step<br/>2016-06-21 10:02:01,179 ERROR     return step_impl.run(*args)<br/>2016-06-21 10:02:01,180 ERROR   File "/usr/local/lib/python2.7/site-packages/freshen-0.3.1.33-py2.7.egg/freshen/stepregistry.py", line 56, in run<br/>2016-06-21 10:02:01,180 ERROR     return self.func(*args, **kwargs)<br/>2016-06-21 10:02:01,180 ERROR   File "/usr/local/lib/python2.7/site-packages/cheggtest-0.2.1462906634-py2.7.egg/cheggtest/steps.py", line 45, in subwrapper<br/>2016-06-21 10:02:01,180 ERROR     return func(*_process_args(args), **kwargs)<br/>2016-06-21 10:02:01,180 ERROR   File "/usr/local/lib/python2.7/site-packages/cheggtest-0.2.1462906634-py2.7.egg/cheggtest/websteps/websteps.py", line 54, in given_i_am_the<br/>2016-06-21 10:02:01,181 ERROR     webtest.go_to(url)<br/>2016-06-21 10:02:01,181 ERROR   File "/usr/local/lib/python2.7/site-packages/cheggtest-0.2.1462906634-py2.7.egg/cheggtest/webtest/webtest.py", line 177, in go_to<br/>2016-06-21 10:02:01,181 ERROR     sst.actions.browser.switch_to_default_content()<br/>2016-06-21 10:02:01,181 ERROR   File "/usr/local/lib/python2.7/site-packages/selenium-2.39.0-py2.7.egg/selenium/webdriver/remote/webdriver.py", line 528, in switch_to_default_content<br/>2016-06-21 10:02:01,181 ERROR     self.execute(Command.SWITCH_TO_FRAME, {'id': None})<br/>2016-06-21 10:02:01,182 ERROR   File "/usr/local/lib/python2.7/site-packages/selenium-2.39.0-py2.7.egg/selenium/webdriver/remote/webdriver.py", line 164, in execute<br/>2016-06-21 10:02:01,182 ERROR     self.error_handler.check_response(response)<br/>2016-06-21 10:02:01,182 ERROR   File "/usr/local/lib/python2.7/site-packages/selenium-2.39.0-py2.7.egg/selenium/webdriver/remote/errorhandler.py", line 164, in check_response<br/>2016-06-21 10:02:01,182 ERROR     raise exception_class(message, screen, stacktrace)<br/>2016-06-21 10:12:01,188 WARNING unable to get browser cookies<br/>2016-06-21 10:32:01,213 INFO AJAX API Stacktrace: none<br/><br/>  File "/usr/local/lib/python2.7/site-packages/cheggtest-0.2.1462906634-py2.7.egg/cheggtest/steps.py", line 45, in subwrapper<br/>    return func(*_process_args(args), **kwargs)<br/>  File "/Users/sshrimali/git/core/Chegg.Site/test/fesite/steps.py", line 263, in i_take_random_ebook<br/>    search_by_ISBN(isbn)<br/>  File "/Users/sshrimali/git/core/Chegg.Site/test/fesite/steps.py", line 271, in search_by_ISBN<br/>    Then I click autosuggest-search-btn button''' % {'isbn': isbn})<br/>  File "/usr/local/lib/python2.7/site-packages/cheggtest-0.2.1462906634-py2.7.egg/cheggtest/websteps/websteps.py", line 16, in run_steps<br/>    FRESHEN_RUN_STEPS(spec)<br/>  File "/usr/local/lib/python2.7/site-packages/freshen-0.3.1.33-py2.7.egg/freshen/core.py", line 96, in run_steps<br/>    return f_self.run_steps_from_string(spec, language)<br/>  File "/usr/local/lib/python2.7/site-packages/cheggtest-0.2.1462906634-py2.7.egg/cheggtest/util/hacks.py", line 118, in run_steps_from_string<br/>    self.run_step(step)<br/>  File "/usr/local/lib/python2.7/site-packages/cheggtest-0.2.1462906634-py2.7.egg/cheggtest/util/hacks.py", line 152, in run_step<br/>    return step_impl.run(*args)<br/>  File "/usr/local/lib/python2.7/site-packages/freshen-0.3.1.33-py2.7.egg/freshen/stepregistry.py", line 56, in run<br/>    return self.func(*args, **kwargs)<br/>  File "/usr/local/lib/python2.7/site-packages/cheggtest-0.2.1462906634-py2.7.egg/cheggtest/steps.py", line 45, in subwrapper<br/>    return func(*_process_args(args), **kwargs)<br/>  File "/usr/local/lib/python2.7/site-packages/cheggtest-0.2.1462906634-py2.7.egg/cheggtest/websteps/websteps.py", line 54, in given_i_am_the<br/>    webtest.go_to(url)<br/>  File "/usr/local/lib/python2.7/site-packages/cheggtest-0.2.1462906634-py2.7.egg/cheggtest/webtest/webtest.py", line 177, in go_to<br/>    sst.actions.browser.switch_to_default_content()<br/>  File "/usr/local/lib/python2.7/site-packages/selenium-2.39.0-py2.7.egg/selenium/webdriver/remote/webdriver.py", line 528, in switch_to_default_content<br/>    self.execute(Command.SWITCH_TO_FRAME, {'id': None})<br/>  File "/usr/local/lib/python2.7/site-packages/selenium-2.39.0-py2.7.egg/selenium/webdriver/remote/webdriver.py", line 164, in execute<br/>    self.error_handler.check_response(response)<br/>  File "/usr/local/lib/python2.7/site-packages/selenium-2.39.0-py2.7.egg/selenium/webdriver/remote/errorhandler.py", line 164, in check_response<br/>    raise exception_class(message, screen, stacktrace)<br/>Message: u'timeout: Timed out receiving message from renderer: 600.000\n  (Session info: chrome=51.0.2704.103)\n  (Driver info: chromedriver=2.21.371459 (36d3d07f660ff2bc1bf28a75d1cdabed0983e7c4),platform=Mac OS X 10.11.5 x86_64)' <br/><br/>@smoke  @search_smoke<br/>Feature: rentbuy page<br/>  @smoke_new<br/>  Scenario: 5961 Search by ISBN and validate auto-suggest shows up<br/>     Then I take random book purchase                                           # fesite/rentbuy.page.feature:13 , FAILED<br/>       \--&gt; Given I am at the chegg.com site                                    # /cheggtest/websteps/websteps.py:16 , ERROR<br/></font></code></div></span></div></td>
        <td>0:11:04</td>
      </tr>
      <tr valign="top" class="Failure">
        <td>
          <a href="https://chegg.testrail.com/index.php?/cases/view/5790" target="_blank">5790</a>
        </td>
        <td width="50%">Search by subject and validate auto-suggest shows up</td>
        <td>Failure</td>
        <td class="FailureDetails"> Screenshot : <br/><a href="./5790 Search by subject and validate auto-suggest shows up (before).png" target="_blank">Before</a><a style="float:right" href="./5790 Search by subject and validate auto-suggest shows up (after).png" target="_blank">After</a><br/><br/>
						Error message:
						<br/><code><font size="3" class="failDetails">2016-06-21 11:02:01,247 ERROR     raise exception_class(message, screen, stacktrace)</font></code><div style="float:right" class="tooltip"><u>Stack trace</u><span class="tooltip-text"><div class="tooltip-scroll"><code><font size="3" class="failDetails"><br/>Console Output:<br/><br/>2016-06-21 10:42:01,225 INFO screenshot: '5790 Search by subject and validate auto-suggest shows up (before).png'<br/>2016-06-21 10:52:01,231 ERROR Traceback (most recent call last):<br/>2016-06-21 10:52:01,231 ERROR   File "/usr/local/lib/python2.7/site-packages/cheggtest-0.2.1462906634-py2.7.egg/cheggtest/util/nosetestplugin.py", line 290, in beforeTest<br/>2016-06-21 10:52:01,231 ERROR     cheggtest.webtest.screenshot(filename)<br/>2016-06-21 10:52:01,232 ERROR   File "/usr/local/lib/python2.7/site-packages/cheggtest-0.2.1462906634-py2.7.egg/cheggtest/logger.py", line 51, in wrap<br/>2016-06-21 10:52:01,232 ERROR     return func(*args, **kwargs)<br/>2016-06-21 10:52:01,232 ERROR   File "/usr/local/lib/python2.7/site-packages/cheggtest-0.2.1462906634-py2.7.egg/cheggtest/webtest/webtest.py", line 1644, in screenshot<br/>2016-06-21 10:52:01,232 ERROR     sst.actions.take_screenshot(filename=filename)<br/>2016-06-21 10:52:01,232 ERROR   File "/usr/local/lib/python2.7/site-packages/sst-0.2.3k.dev-py2.7.egg/sst/actions.py", line 282, in take_screenshot<br/>2016-06-21 10:52:01,232 ERROR     browser.get_screenshot_as_file(screenshot_file)<br/>2016-06-21 10:52:01,232 ERROR   File "/usr/local/lib/python2.7/site-packages/selenium-2.39.0-py2.7.egg/selenium/webdriver/remote/webdriver.py", line 715, in get_screenshot_as_file<br/>2016-06-21 10:52:01,233 ERROR     png = self.get_screenshot_as_png()<br/>2016-06-21 10:52:01,233 ERROR   File "/usr/local/lib/python2.7/site-packages/selenium-2.39.0-py2.7.egg/selenium/webdriver/remote/webdriver.py", line 734, in get_screenshot_as_png<br/>2016-06-21 10:52:01,233 ERROR     return base64.b64decode(self.get_screenshot_as_base64().encode('ascii'))<br/>2016-06-21 10:52:01,233 ERROR   File "/usr/local/lib/python2.7/site-packages/selenium-2.39.0-py2.7.egg/selenium/webdriver/remote/webdriver.py", line 744, in get_screenshot_as_base64<br/>2016-06-21 10:52:01,233 ERROR     return self.execute(Command.SCREENSHOT)['value']<br/>2016-06-21 10:52:01,233 ERROR   File "/usr/local/lib/python2.7/site-packages/selenium-2.39.0-py2.7.egg/selenium/webdriver/remote/webdriver.py", line 164, in execute<br/>2016-06-21 10:52:01,233 ERROR     self.error_handler.check_response(response)<br/>2016-06-21 10:52:01,233 ERROR   File "/usr/local/lib/python2.7/site-packages/selenium-2.39.0-py2.7.egg/selenium/webdriver/remote/errorhandler.py", line 164, in check_response<br/>2016-06-21 10:52:01,234 ERROR     raise exception_class(message, screen, stacktrace)<br/>2016-06-21 10:52:01,234 ERROR WebDriverException: Message: u'unknown error: cannot determine loading status\nfrom timeout: Timed out receiving message from renderer: 600.000\n  (Session info: chrome=51.0.2704.103)\n  (Driver info: chromedriver=2.21.371459 (36d3d07f660ff2bc1bf28a75d1cdabed0983e7c4),platform=Mac OS X 10.11.5 x86_64)'<br/>2016-06-21 10:52:01,234 WARNING Unable to get snapshot for 5790 Search by subject and validate auto-suggest shows up (freshen.noseplugin.rentbuy page@[/Users/sshrimali/git/core/Chegg.Site/test/fesite/rentbuy.page.feature])<br/>2016-06-21 10:52:01,234 INFO not restaring selenium session, suite still /Users/sshrimali/git/core/Chegg.Site/test/fesite/rentbuy.page.feature<br/>2016-06-21 11:02:01,244 INFO <br/>2016-06-21 11:02:01,244 ERROR   File "/usr/local/lib/python2.7/site-packages/cheggtest-0.2.1462906634-py2.7.egg/cheggtest/steps.py", line 45, in subwrapper<br/>2016-06-21 11:02:01,244 ERROR     return func(*_process_args(args), **kwargs)<br/>2016-06-21 11:02:01,244 ERROR   File "build/bdist.linux-x86_64/egg/cheggfe/cheggfe.py", line 2849, in go_to_url<br/>2016-06-21 11:02:01,245 ERROR     webtest.go_to(url)<br/>2016-06-21 11:02:01,245 ERROR   File "/usr/local/lib/python2.7/site-packages/cheggtest-0.2.1462906634-py2.7.egg/cheggtest/webtest/webtest.py", line 177, in go_to<br/>2016-06-21 11:02:01,245 ERROR     sst.actions.browser.switch_to_default_content()<br/>2016-06-21 11:02:01,245 ERROR   File "/usr/local/lib/python2.7/site-packages/selenium-2.39.0-py2.7.egg/selenium/webdriver/remote/webdriver.py", line 528, in switch_to_default_content<br/>2016-06-21 11:02:01,245 ERROR     self.execute(Command.SWITCH_TO_FRAME, {'id': None})<br/>2016-06-21 11:02:01,245 ERROR   File "/usr/local/lib/python2.7/site-packages/selenium-2.39.0-py2.7.egg/selenium/webdriver/remote/webdriver.py", line 164, in execute<br/>2016-06-21 11:02:01,246 ERROR     self.error_handler.check_response(response)<br/>2016-06-21 11:02:01,247 ERROR   File "/usr/local/lib/python2.7/site-packages/selenium-2.39.0-py2.7.egg/selenium/webdriver/remote/errorhandler.py", line 164, in check_response<br/>2016-06-21 11:02:01,247 ERROR     raise exception_class(message, screen, stacktrace)<br/></font></code></div></span></div></td>
        <td>0:20:00</td>
      </tr>
    </table>
    <p/>
    <a href="#top">Back to top</a>
    <a name="freshen.noseplugin.search page"/>
    <h3>TestSuite - search page</h3>
    <table class="details" border="0" cellpadding="5" cellspacing="2" width="100%">
      <tr valign="top">
        <th>Testcase</th>
        <th width="20%">Name</th>
        <th>Status</th>
        <th width="70%">Details</th>
        <th nowrap="nowrap">Time<br/>(H:MM:SS)</th>
      </tr>
      <tr valign="top" class="">
        <td>
          <a href="https://chegg.testrail.com/index.php?/cases/view/5929" target="_blank">5929</a>
        </td>
        <td width="50%">validate search serp filter</td>
        <td>Success</td>
        <td>Screenshot : <br/><a href="./5929 validate search serp filter (before).png" target="_blank">Before</a><a style="float:right" href="./5929 validate search serp filter (after).png" target="_blank">After</a></td>
        <td>0:10:42</td>
      </tr>
    </table>
    <p/>
    <a href="#top">Back to top</a>
    <a name="freshen.noseplugin.study page"/>
    <h3>TestSuite - study page</h3>
    <table class="details" border="0" cellpadding="5" cellspacing="2" width="100%">
      <tr valign="top">
        <th>Testcase</th>
        <th width="20%">Name</th>
        <th>Status</th>
        <th width="70%">Details</th>
        <th nowrap="nowrap">Time<br/>(H:MM:SS)</th>
      </tr>
      <tr valign="top" class="">
        <td>
          <a href="https://chegg.testrail.com/index.php?/cases/view/6042" target="_blank">6042</a>
        </td>
        <td width="50%">search TBS</td>
        <td>Success</td>
        <td>Screenshot : <br/><a href="./6042 search TBS (before).png" target="_blank">Before</a><a style="float:right" href="./6042 search TBS (after).png" target="_blank">After</a></td>
        <td>0:00:21</td>
      </tr>
      <tr valign="top" class="Failure">
        <td>
          <a href="https://chegg.testrail.com/index.php?/cases/view/6043" target="_blank">6043</a>
        </td>
        <td width="50%">search Q&amp;A</td>
        <td>Failure</td>
        <td class="FailureDetails"> Screenshot : <br/><a href="./6043 search Q&amp;A (before).png" target="_blank">Before</a><a style="float:right" href="./6043 search Q&amp;A (after).png" target="_blank">After</a><br/><br/>
						Error message:
						<br/><code><font size="3" class="failDetails">2016-06-21 12:06:13,515 ERROR     raise CheggTestException("Unable to see '%s'\n%s" % (text, php_issue))</font></code><div style="float:right" class="tooltip"><u>Stack trace</u><span class="tooltip-text"><div class="tooltip-scroll"><code><font size="3" class="failDetails"><br/>Console Output:<br/><br/>2016-06-21 12:05:35,321 INFO screenshot: '6043 search Q&amp;A (before).png'<br/>2016-06-21 12:05:35,944 INFO not restaring selenium session, suite still /Users/sshrimali/git/core/Chegg.Site/test/fesite/study.page.feature<br/>2016-06-21 12:05:35,959 INFO <br/>2016-06-21 12:05:35,960 INFO go_to: 'http://www.chegg.com/study/?action=signup&amp;experiment=NONE0&amp;debug=experiment'<br/>2016-06-21 12:05:39,566 INFO wait_for_ready_state<br/>2016-06-21 12:05:39,598 INFO chegg_wait_for_spinners<br/>2016-06-21 12:05:39,649 INFO chegg_xdebug_checks<br/>2016-06-21 12:05:39,658 INFO chegg_pixel_check<br/>2016-06-21 12:05:39,727 INFO chegg_check_links<br/>2016-06-21 12:05:40,584 INFO click: '.ask-question' index=0<br/>2016-06-21 12:05:40,916 INFO wait_for_ready_state<br/>2016-06-21 12:05:40,953 INFO chegg_wait_for_spinners<br/>2016-06-21 12:05:41,025 INFO chegg_xdebug_checks<br/>2016-06-21 12:05:41,046 INFO chegg_pixel_check<br/>2016-06-21 12:05:41,173 INFO chegg_check_links<br/>2016-06-21 12:05:41,194 INFO write_into: 'autosuggest-input','Biology' index=0<br/>2016-06-21 12:05:42,236 INFO assert_text_visible: 'Biology in Books' case_sensitive=False<br/>2016-06-21 12:05:42,934 INFO assert_text_visible: 'Biology in Textbook Solution' case_sensitive=False<br/>2016-06-21 12:06:13,513 INFO <br/>2016-06-21 12:06:13,514 ERROR   File "/usr/local/lib/python2.7/site-packages/cheggtest-0.2.1462906634-py2.7.egg/cheggtest/steps.py", line 94, in subwrapper<br/>2016-06-21 12:06:13,514 ERROR     return func(*_process_args(args), **kwargs)<br/>2016-06-21 12:06:13,514 ERROR   File "/usr/local/lib/python2.7/site-packages/cheggtest-0.2.1462906634-py2.7.egg/cheggtest/websteps/websteps.py", line 426, in should_see_the_text<br/>2016-06-21 12:06:13,514 ERROR     webtest.assert_text_visible(text, case_sensitive=bool(exact))<br/>2016-06-21 12:06:13,514 ERROR   File "/usr/local/lib/python2.7/site-packages/cheggtest-0.2.1462906634-py2.7.egg/cheggtest/logger.py", line 51, in wrap<br/>2016-06-21 12:06:13,515 ERROR     return func(*args, **kwargs)<br/>2016-06-21 12:06:13,515 ERROR   File "/usr/local/lib/python2.7/site-packages/cheggtest-0.2.1462906634-py2.7.egg/cheggtest/webtest/webtest.py", line 1171, in assert_text_visible<br/>2016-06-21 12:06:13,515 ERROR     raise CheggTestException("Unable to see '%s'\n%s" % (text, php_issue))<br/></font></code></div></span></div></td>
        <td>0:00:38</td>
      </tr>
      <tr valign="top" class="">
        <td>
          <a href="https://chegg.testrail.com/index.php?/cases/view/6044" target="_blank">6044</a>
        </td>
        <td width="50%">search Tutors</td>
        <td>Success</td>
        <td>Screenshot : <br/><a href="./6044 search Tutors (before).png" target="_blank">Before</a><a style="float:right" href="./6044 search Tutors (after).png" target="_blank">After</a></td>
        <td>0:00:09</td>
      </tr>
    </table>
    <p/>
    <a href="#top">Back to top</a>
    <a name="freshen.noseplugin.test SIHP"/>
    <h3>TestSuite - test SIHP</h3>
    <table class="details" border="0" cellpadding="5" cellspacing="2" width="100%">
      <tr valign="top">
        <th>Testcase</th>
        <th width="20%">Name</th>
        <th>Status</th>
        <th width="70%">Details</th>
        <th nowrap="nowrap">Time<br/>(H:MM:SS)</th>
      </tr>
      <tr valign="top" class="Failure">
        <td>
          <a href="https://chegg.testrail.com/index.php?/cases/view/5793" target="_blank">5793</a>
        </td>
        <td width="50%">test search field, click send button</td>
        <td>Failure</td>
        <td class="FailureDetails"> Screenshot : <br/><a href="./5793 test search field, click send button (before).png" target="_blank">Before</a><a style="float:right" href="./5793 test search field, click send button (after).png" target="_blank">After</a><br/><br/>
						Error message:
						<br/><code><font size="3" class="failDetails">2016-06-21 12:04:01,161 ERROR     search_string)</font></code><div style="float:right" class="tooltip"><u>Stack trace</u><span class="tooltip-text"><div class="tooltip-scroll"><code><font size="3" class="failDetails"><br/>Console Output:<br/><br/>2016-06-21 12:03:16,589 INFO screenshot: '5793 test search field, click send button (before).png'<br/>2016-06-21 12:03:16,835 INFO restarting selenium session<br/>2016-06-21 12:03:19,694 INFO <br/>2016-06-21 12:03:19,694 INFO go_to: 'http://www.chegg.com//?experiment=A433B&amp;debug=experiment'<br/>2016-06-21 12:03:28,131 INFO wait_for_ready_state<br/>2016-06-21 12:03:28,136 INFO chegg_wait_for_spinners<br/>2016-06-21 12:03:28,162 INFO chegg_xdebug_checks<br/>2016-06-21 12:03:28,167 INFO chegg_pixel_check<br/>2016-06-21 12:03:30,719 INFO chegg_check_links<br/>2016-06-21 12:03:30,726 INFO assert_elements_visible: ['sihpHeaderSearchField']<br/>2016-06-21 12:04:01,159 INFO <br/>2016-06-21 12:04:01,159 ERROR   File "/usr/local/lib/python2.7/site-packages/cheggtest-0.2.1462906634-py2.7.egg/cheggtest/steps.py", line 45, in subwrapper<br/>2016-06-21 12:04:01,160 ERROR     return func(*_process_args(args), **kwargs)<br/>2016-06-21 12:04:01,160 ERROR   File "/Users/sshrimali/git/core/Chegg.Site/test/fesite/site_steps.py", line 490, in then_should_see_elements<br/>2016-06-21 12:04:01,160 ERROR     webtest.assert_elements_visible(elements)<br/>2016-06-21 12:04:01,160 ERROR   File "/usr/local/lib/python2.7/site-packages/cheggtest-0.2.1462906634-py2.7.egg/cheggtest/logger.py", line 51, in wrap<br/>2016-06-21 12:04:01,161 ERROR     return func(*args, **kwargs)<br/>2016-06-21 12:04:01,161 ERROR   File "/usr/local/lib/python2.7/site-packages/cheggtest-0.2.1462906634-py2.7.egg/cheggtest/webtest/webtest.py", line 709, in assert_elements_visible<br/>2016-06-21 12:04:01,161 ERROR     search_string)<br/></font></code></div></span></div></td>
        <td>0:00:45</td>
      </tr>
    </table>
    <p/>
    <a href="#top">Back to top</a>
    <a name="freshen.noseplugin.test the SOHP"/>
    <h3>TestSuite - test the SOHP</h3>
    <table class="details" border="0" cellpadding="5" cellspacing="2" width="100%">
      <tr valign="top">
        <th>Testcase</th>
        <th width="20%">Name</th>
        <th>Status</th>
        <th width="70%">Details</th>
        <th nowrap="nowrap">Time<br/>(H:MM:SS)</th>
      </tr>
      <tr valign="top" class="">
        <td>
          <a href="https://chegg.testrail.com/index.php?/cases/view/5797" target="_blank">5797</a>
        </td>
        <td width="50%">Test search on SOHP</td>
        <td>Success</td>
        <td>Screenshot : <br/><a href="./5797 Test search on SOHP (before).png" target="_blank">Before</a><a style="float:right" href="./5797 Test search on SOHP (after).png" target="_blank">After</a></td>
        <td>0:00:40</td>
      </tr>
    </table>
    <p/>
    <a href="#top">Back to top</a>
    <a name="freshen.noseplugin.test the Sign In page and feature."/>
    <h3>TestSuite - test the Sign In page and feature.</h3>
    <table class="details" border="0" cellpadding="5" cellspacing="2" width="100%">
      <tr valign="top">
        <th>Testcase</th>
        <th width="20%">Name</th>
        <th>Status</th>
        <th width="70%">Details</th>
        <th nowrap="nowrap">Time<br/>(H:MM:SS)</th>
      </tr>
      <tr valign="top" class="">
        <td>
          <a href="https://chegg.testrail.com/index.php?/cases/view/5865" target="_blank">5865</a>
        </td>
        <td width="50%">automation test for SU cookie check</td>
        <td>Success</td>
        <td>Screenshot : <br/><a href="./5865 automation test for SU cookie check (before).png" target="_blank">Before</a><a style="float:right" href="./5865 automation test for SU cookie check (after).png" target="_blank">After</a></td>
        <td>0:01:04</td>
      </tr>
    </table>
    <p/>
    <a href="#top">Back to top</a>
    <a name="freshen.noseplugin.testing book pdp"/>
    <h3>TestSuite - testing book pdp</h3>
    <table class="details" border="0" cellpadding="5" cellspacing="2" width="100%">
      <tr valign="top">
        <th>Testcase</th>
        <th width="20%">Name</th>
        <th>Status</th>
        <th width="70%">Details</th>
        <th nowrap="nowrap">Time<br/>(H:MM:SS)</th>
      </tr>
      <tr valign="top" class="">
        <td>
          <a href="https://chegg.testrail.com/index.php?/cases/view/5773" target="_blank">5773</a>
        </td>
        <td width="50%">main info about book</td>
        <td>Success</td>
        <td>Screenshot : <br/><a href="./5773 main info about book (before).png" target="_blank">Before</a><a style="float:right" href="./5773 main info about book (after).png" target="_blank">After</a></td>
        <td>0:04:30</td>
      </tr>
      <tr valign="top" class="">
        <td>
          <a href="https://chegg.testrail.com/index.php?/cases/view/5781" target="_blank">5781</a>
        </td>
        <td width="50%">pricebox block</td>
        <td>Success</td>
        <td>Screenshot : <br/><a href="./5781 pricebox block (before).png" target="_blank">Before</a><a style="float:right" href="./5781 pricebox block (after).png" target="_blank">After</a></td>
        <td>0:01:59</td>
      </tr>
    </table>
    <p/>
    <a href="#top">Back to top</a>
    <a name="freshen.noseplugin.testing my account page"/>
    <h3>TestSuite - testing my account page</h3>
    <table class="details" border="0" cellpadding="5" cellspacing="2" width="100%">
      <tr valign="top">
        <th>Testcase</th>
        <th width="20%">Name</th>
        <th>Status</th>
        <th width="70%">Details</th>
        <th nowrap="nowrap">Time<br/>(H:MM:SS)</th>
      </tr>
      <tr valign="top" class="">
        <td>
          <a href="https://chegg.testrail.com/index.php?/cases/view/5713" target="_blank">5713</a>
        </td>
        <td width="50%">testing popups</td>
        <td>Success</td>
        <td>Screenshot : <br/><a href="./5713 testing popups (before).png" target="_blank">Before</a><a style="float:right" href="./5713 testing popups (after).png" target="_blank">After</a></td>
        <td>0:01:32</td>
      </tr>
    </table>
    <p/>
    <a href="#top">Back to top</a>
    <a name="freshen.noseplugin.testing psychic search"/>
    <h3>TestSuite - testing psychic search</h3>
    <table class="details" border="0" cellpadding="5" cellspacing="2" width="100%">
      <tr valign="top">
        <th>Testcase</th>
        <th width="20%">Name</th>
        <th>Status</th>
        <th width="70%">Details</th>
        <th nowrap="nowrap">Time<br/>(H:MM:SS)</th>
      </tr>
      <tr valign="top" class="Failure">
        <td>
          <a href="https://chegg.testrail.com/index.php?/cases/view/5879" target="_blank">5879</a>
        </td>
        <td width="50%">check header navigation</td>
        <td>Failure</td>
        <td class="FailureDetails"> Screenshot : <br/><a href="./5879 check header navigation (before).png" target="_blank">Before</a><a style="float:right" href="./5879 check header navigation (after).png" target="_blank">After</a><br/><br/>
						Error message:
						<br/><code><font size="3" class="failDetails">2016-06-21 12:02:04,029 ERROR     raise CheggTestException(failed_message + php_issue)</font></code><div style="float:right" class="tooltip"><u>Stack trace</u><span class="tooltip-text"><div class="tooltip-scroll"><code><font size="3" class="failDetails"><br/>Console Output:<br/><br/>2016-06-21 12:00:45,842 INFO screenshot: '5879 check header navigation (before).png'<br/>2016-06-21 12:00:46,091 INFO restarting selenium session<br/>2016-06-21 12:00:49,146 INFO <br/>2016-06-21 12:00:49,147 INFO go_to: 'http://www.chegg.com//?experiment=NONE0&amp;debug=experiment'<br/>2016-06-21 12:00:56,390 INFO wait_for_ready_state<br/>2016-06-21 12:00:56,398 INFO chegg_wait_for_spinners<br/>2016-06-21 12:00:56,430 INFO chegg_xdebug_checks<br/>2016-06-21 12:00:56,445 INFO chegg_pixel_check<br/>2016-06-21 12:00:56,571 INFO chegg_check_links<br/>2016-06-21 12:00:57,818 INFO click: 'BOOKS' index=0<br/>2016-06-21 12:00:58,579 INFO wait_for_ready_state<br/>2016-06-21 12:00:58,691 INFO chegg_wait_for_spinners<br/>2016-06-21 12:00:58,720 INFO waiting on div.chg-content to be visible<br/>2016-06-21 12:00:59,310 INFO chegg_xdebug_checks<br/>2016-06-21 12:00:59,328 INFO chegg_pixel_check<br/>2016-06-21 12:00:59,497 INFO chegg_check_links<br/>2016-06-21 12:00:59,514 INFO assert_text_visible: 'Rent or buy textbooks or eTextbooks' case_sensitive=False<br/>2016-06-21 12:01:01,192 INFO click: 'Rent / Buy Books' index=0<br/>2016-06-21 12:01:01,441 INFO wait_for_ready_state<br/>2016-06-21 12:01:01,453 INFO chegg_wait_for_spinners<br/>2016-06-21 12:01:01,490 INFO waiting on div.chg-content to be visible<br/>2016-06-21 12:01:02,048 INFO chegg_xdebug_checks<br/>2016-06-21 12:01:02,068 INFO chegg_pixel_check<br/>2016-06-21 12:01:02,180 INFO chegg_check_links<br/>2016-06-21 12:01:02,187 INFO assert_text_visible: 'Rent or buy textbooks or eTextbooks' case_sensitive=False<br/>2016-06-21 12:01:02,852 INFO click: 'Sell Books' index=0<br/>2016-06-21 12:01:03,195 INFO wait_for_ready_state<br/>2016-06-21 12:01:03,202 INFO chegg_wait_for_spinners<br/>2016-06-21 12:01:03,217 INFO waiting on div.chg-content to be visible<br/>2016-06-21 12:01:04,068 INFO chegg_xdebug_checks<br/>2016-06-21 12:01:04,077 INFO chegg_pixel_check<br/>2016-06-21 12:01:04,175 INFO chegg_check_links<br/>2016-06-21 12:01:04,191 INFO assert_text_visible: 'Sell your used textbooks for money' case_sensitive=False<br/>2016-06-21 12:01:04,770 INFO <br/>2016-06-21 12:01:04,770 INFO go_to: 'http://www.chegg.com//?experiment=NONE0&amp;debug=experiment'<br/>2016-06-21 12:01:07,266 INFO wait_for_ready_state<br/>2016-06-21 12:01:07,272 INFO chegg_wait_for_spinners<br/>2016-06-21 12:01:07,321 INFO chegg_xdebug_checks<br/>2016-06-21 12:01:07,338 INFO chegg_pixel_check<br/>2016-06-21 12:01:08,181 INFO chegg_check_links<br/>2016-06-21 12:01:08,189 INFO click: 'STUDY' index=0<br/>2016-06-21 12:01:08,760 INFO wait_for_ready_state<br/>2016-06-21 12:01:08,773 INFO chegg_wait_for_spinners<br/>2016-06-21 12:01:14,661 INFO waiting on div.chg-content to be visible<br/>2016-06-21 12:01:16,260 INFO chegg_xdebug_checks<br/>2016-06-21 12:01:16,274 INFO chegg_pixel_check<br/>2016-06-21 12:01:16,397 INFO chegg_check_links<br/>2016-06-21 12:01:16,413 INFO assert_text_visible: 'Unlock better grades with Chegg StudySM' case_sensitive=False<br/>2016-06-21 12:01:16,983 INFO click: 'Textbook Solutions' index=0<br/>2016-06-21 12:01:17,347 INFO wait_for_ready_state<br/>2016-06-21 12:01:17,355 INFO chegg_wait_for_spinners<br/>2016-06-21 12:01:17,368 INFO waiting on div.chg-content to be visible<br/>2016-06-21 12:01:17,989 INFO chegg_xdebug_checks<br/>2016-06-21 12:01:18,006 INFO chegg_pixel_check<br/>2016-06-21 12:01:18,180 INFO chegg_check_links<br/>2016-06-21 12:01:18,187 INFO assert_elements_visible: ['.find-TBS.selected']<br/>2016-06-21 12:01:18,312 INFO click: 'Expert Q&amp;A' index=0<br/>2016-06-21 12:01:19,244 INFO wait_for_ready_state<br/>2016-06-21 12:01:19,249 INFO chegg_wait_for_spinners<br/>2016-06-21 12:01:19,260 INFO chegg_xdebug_checks<br/>2016-06-21 12:01:19,265 INFO chegg_pixel_check<br/>2016-06-21 12:01:19,347 INFO chegg_check_links<br/>2016-06-21 12:01:19,357 INFO assert_elements_visible: ['.ask-question.selected']<br/>2016-06-21 12:01:20,003 INFO <br/>2016-06-21 12:01:20,003 INFO go_to: 'http://www.chegg.com//?experiment=NONE0&amp;debug=experiment'<br/>2016-06-21 12:01:22,857 INFO wait_for_ready_state<br/>2016-06-21 12:01:22,862 INFO chegg_wait_for_spinners<br/>2016-06-21 12:01:22,888 INFO chegg_xdebug_checks<br/>2016-06-21 12:01:22,919 INFO chegg_pixel_check<br/>2016-06-21 12:01:23,065 INFO chegg_check_links<br/>2016-06-21 12:01:23,074 INFO click: 'TUTORS' index=0<br/>2016-06-21 12:01:33,191 INFO wait_for_ready_state<br/>2016-06-21 12:01:33,225 INFO chegg_wait_for_spinners<br/>2016-06-21 12:01:33,339 INFO waiting on div.chg-content to be visible<br/>2016-06-21 12:01:33,849 INFO waiting on div.chg-content to be visible<br/>2016-06-21 12:01:34,367 INFO waiting on div.chg-content to be visible<br/>2016-06-21 12:01:34,880 INFO waiting on div.chg-content to be visible<br/>2016-06-21 12:01:35,393 INFO waiting on div.chg-content to be visible<br/>2016-06-21 12:01:35,902 INFO waiting on div.chg-content to be visible<br/>2016-06-21 12:01:36,413 INFO waiting on div.chg-content to be visible<br/>2016-06-21 12:01:36,925 INFO waiting on div.chg-content to be visible<br/>2016-06-21 12:01:37,460 INFO waiting on div.chg-content to be visible<br/>2016-06-21 12:01:37,970 INFO waiting on div.chg-content to be visible<br/>2016-06-21 12:01:38,507 INFO waiting on div.chg-content to be visible<br/>2016-06-21 12:01:39,020 INFO waiting on div.chg-content to be visible<br/>2016-06-21 12:01:39,560 INFO waiting on div.chg-content to be visible<br/>2016-06-21 12:01:40,075 INFO waiting on div.chg-content to be visible<br/>2016-06-21 12:01:40,589 INFO waiting on div.chg-content to be visible<br/>2016-06-21 12:01:41,099 INFO waiting on div.chg-content to be visible<br/>2016-06-21 12:01:41,612 INFO waiting on div.chg-content to be visible<br/>2016-06-21 12:01:42,128 INFO waiting on div.chg-content to be visible<br/>2016-06-21 12:01:42,641 INFO waiting on div.chg-content to be visible<br/>2016-06-21 12:01:43,167 INFO waiting on div.chg-content to be visible<br/>2016-06-21 12:01:43,677 INFO waiting on div.chg-content to be visible<br/>2016-06-21 12:01:44,197 INFO waiting on div.chg-content to be visible<br/>2016-06-21 12:01:44,714 INFO waiting on div.chg-content to be visible<br/>2016-06-21 12:01:45,227 INFO waiting on div.chg-content to be visible<br/>2016-06-21 12:01:45,762 INFO waiting on div.chg-content to be visible<br/>2016-06-21 12:01:46,274 INFO waiting on div.chg-content to be visible<br/>2016-06-21 12:01:46,787 INFO waiting on div.chg-content to be visible<br/>2016-06-21 12:01:47,298 INFO waiting on div.chg-content to be visible<br/>2016-06-21 12:01:47,810 INFO waiting on div.chg-content to be visible<br/>2016-06-21 12:01:48,322 INFO waiting on div.chg-content to be visible<br/>2016-06-21 12:01:48,859 INFO waiting on div.chg-content to be visible<br/>2016-06-21 12:01:49,371 INFO waiting on div.chg-content to be visible<br/>2016-06-21 12:01:49,882 INFO waiting on div.chg-content to be visible<br/>2016-06-21 12:01:50,392 INFO waiting on div.chg-content to be visible<br/>2016-06-21 12:01:50,913 INFO waiting on div.chg-content to be visible<br/>2016-06-21 12:01:51,423 INFO waiting on div.chg-content to be visible<br/>2016-06-21 12:01:51,962 INFO waiting on div.chg-content to be visible<br/>2016-06-21 12:01:52,473 INFO waiting on div.chg-content to be visible<br/>2016-06-21 12:01:53,011 INFO waiting on div.chg-content to be visible<br/>2016-06-21 12:01:53,524 INFO waiting on div.chg-content to be visible<br/>2016-06-21 12:01:54,063 INFO waiting on div.chg-content to be visible<br/>2016-06-21 12:01:54,575 INFO waiting on div.chg-content to be visible<br/>2016-06-21 12:01:55,088 INFO waiting on div.chg-content to be visible<br/>2016-06-21 12:01:55,600 INFO waiting on div.chg-content to be visible<br/>2016-06-21 12:01:56,112 INFO waiting on div.chg-content to be visible<br/>2016-06-21 12:01:56,624 INFO waiting on div.chg-content to be visible<br/>2016-06-21 12:01:57,163 INFO waiting on div.chg-content to be visible<br/>2016-06-21 12:01:57,676 INFO waiting on div.chg-content to be visible<br/>2016-06-21 12:01:58,191 INFO waiting on div.chg-content to be visible<br/>2016-06-21 12:01:58,718 INFO waiting on div.chg-content to be visible<br/>2016-06-21 12:01:59,231 INFO waiting on div.chg-content to be visible<br/>2016-06-21 12:01:59,743 INFO waiting on div.chg-content to be visible<br/>2016-06-21 12:02:00,257 INFO waiting on div.chg-content to be visible<br/>2016-06-21 12:02:00,774 INFO waiting on div.chg-content to be visible<br/>2016-06-21 12:02:01,290 INFO waiting on div.chg-content to be visible<br/>2016-06-21 12:02:01,803 INFO waiting on div.chg-content to be visible<br/>2016-06-21 12:02:02,316 INFO waiting on div.chg-content to be visible<br/>2016-06-21 12:02:02,830 INFO waiting on div.chg-content to be visible<br/>2016-06-21 12:02:04,026 INFO <br/>2016-06-21 12:02:04,026 ERROR   File "/usr/local/lib/python2.7/site-packages/cheggtest-0.2.1462906634-py2.7.egg/cheggtest/steps.py", line 45, in subwrapper<br/>2016-06-21 12:02:04,026 ERROR     return func(*_process_args(args), **kwargs)<br/>2016-06-21 12:02:04,026 ERROR   File "/Users/sshrimali/git/core/Chegg.Site/test/fesite/site_steps.py", line 504, in when_i_click<br/>2016-06-21 12:02:04,027 ERROR     websteps.when_i_click(_on, _the, which, name)<br/>2016-06-21 12:02:04,027 ERROR   File "/usr/local/lib/python2.7/site-packages/freshen-0.3.1.33-py2.7.egg/freshen/stepregistry.py", line 59, in __call__<br/>2016-06-21 12:02:04,027 ERROR     return self.func(*args, **kwargs)<br/>2016-06-21 12:02:04,027 ERROR   File "/usr/local/lib/python2.7/site-packages/cheggtest-0.2.1462906634-py2.7.egg/cheggtest/steps.py", line 70, in subwrapper<br/>2016-06-21 12:02:04,027 ERROR     return func(*_process_args(args), **kwargs)<br/>2016-06-21 12:02:04,027 ERROR   File "/usr/local/lib/python2.7/site-packages/cheggtest-0.2.1462906634-py2.7.egg/cheggtest/websteps/websteps.py", line 152, in when_i_click<br/>2016-06-21 12:02:04,028 ERROR     __i_click(name, which)<br/>2016-06-21 12:02:04,028 ERROR   File "/usr/local/lib/python2.7/site-packages/cheggtest-0.2.1462906634-py2.7.egg/cheggtest/websteps/websteps.py", line 137, in __i_click<br/>2016-06-21 12:02:04,028 ERROR     webtest.click(name, index=which)<br/>2016-06-21 12:02:04,028 ERROR   File "/usr/local/lib/python2.7/site-packages/cheggtest-0.2.1462906634-py2.7.egg/cheggtest/logger.py", line 51, in wrap<br/>2016-06-21 12:02:04,028 ERROR     return func(*args, **kwargs)<br/>2016-06-21 12:02:04,028 ERROR   File "/usr/local/lib/python2.7/site-packages/cheggtest-0.2.1462906634-py2.7.egg/cheggtest/webtest/webtest.py", line 549, in click<br/>2016-06-21 12:02:04,028 ERROR     __wait_for()<br/>2016-06-21 12:02:04,028 ERROR   File "/usr/local/lib/python2.7/site-packages/cheggtest-0.2.1462906634-py2.7.egg/cheggtest/webtest/webtest.py", line 333, in __wait_for<br/>2016-06-21 12:02:04,028 ERROR     callback()<br/>2016-06-21 12:02:04,029 ERROR   File "/usr/local/lib/python2.7/site-packages/cheggtest-0.2.1462906634-py2.7.egg/cheggtest/cheggchecks.py", line 103, in chegg_wait_for_spinners<br/>2016-06-21 12:02:04,029 ERROR     failed_message='timed out waiting for page to load')<br/>2016-06-21 12:02:04,029 ERROR   File "/usr/local/lib/python2.7/site-packages/cheggtest-0.2.1462906634-py2.7.egg/cheggtest/cheggchecks.py", line 56, in __run_with_timeout<br/>2016-06-21 12:02:04,029 ERROR     raise CheggTestException(failed_message + php_issue)<br/></font></code></div></span></div></td>
        <td>0:01:18</td>
      </tr>
    </table>
    <p/>
    <a href="#top">Back to top</a>
  </body>
</HTML>

